2023-02-04 19:32:43,584 - mmcls - INFO - Environment info:
------------------------------------------------------------
sys.platform: linux
Python: 3.8.5 (default, Sep  4 2020, 07:30:14) [GCC 7.3.0]
CUDA available: True
GPU 0,1: NVIDIA GeForce RTX 3090
CUDA_HOME: /usr/local/cuda
NVCC: Cuda compilation tools, release 11.1, V11.1.74
GCC: gcc (Ubuntu 9.3.0-17ubuntu1~20.04) 9.3.0
PyTorch: 1.9.1+cu111
PyTorch compiling details: PyTorch built with:
  - GCC 7.3
  - C++ Version: 201402
  - Intel(R) Math Kernel Library Version 2020.0.2 Product Build 20200624 for Intel(R) 64 architecture applications
  - Intel(R) MKL-DNN v2.1.2 (Git Hash 98be7e8afa711dc9b66c8ff3504129cb82013cdb)
  - OpenMP 201511 (a.k.a. OpenMP 4.5)
  - NNPACK is enabled
  - CPU capability usage: AVX2
  - CUDA Runtime 11.1
  - NVCC architecture flags: -gencode;arch=compute_37,code=sm_37;-gencode;arch=compute_50,code=sm_50;-gencode;arch=compute_60,code=sm_60;-gencode;arch=compute_70,code=sm_70;-gencode;arch=compute_75,code=sm_75;-gencode;arch=compute_80,code=sm_80;-gencode;arch=compute_86,code=sm_86
  - CuDNN 8.0.5
  - Magma 2.5.2
  - Build settings: BLAS_INFO=mkl, BUILD_TYPE=Release, CUDA_VERSION=11.1, CUDNN_VERSION=8.0.5, CXX_COMPILER=/opt/rh/devtoolset-7/root/usr/bin/c++, CXX_FLAGS= -Wno-deprecated -fvisibility-inlines-hidden -DUSE_PTHREADPOOL -fopenmp -DNDEBUG -DUSE_KINETO -DUSE_FBGEMM -DUSE_QNNPACK -DUSE_PYTORCH_QNNPACK -DUSE_XNNPACK -DSYMBOLICATE_MOBILE_DEBUG_HANDLE -O2 -fPIC -Wno-narrowing -Wall -Wextra -Werror=return-type -Wno-missing-field-initializers -Wno-type-limits -Wno-array-bounds -Wno-unknown-pragmas -Wno-sign-compare -Wno-unused-parameter -Wno-unused-variable -Wno-unused-function -Wno-unused-result -Wno-unused-local-typedefs -Wno-strict-overflow -Wno-strict-aliasing -Wno-error=deprecated-declarations -Wno-stringop-overflow -Wno-psabi -Wno-error=pedantic -Wno-error=redundant-decls -Wno-error=old-style-cast -fdiagnostics-color=always -faligned-new -Wno-unused-but-set-variable -Wno-maybe-uninitialized -fno-math-errno -fno-trapping-math -Werror=format -Wno-stringop-overflow, LAPACK_INFO=mkl, PERF_WITH_AVX=1, PERF_WITH_AVX2=1, PERF_WITH_AVX512=1, TORCH_VERSION=1.9.1, USE_CUDA=ON, USE_CUDNN=ON, USE_EXCEPTION_PTR=1, USE_GFLAGS=OFF, USE_GLOG=OFF, USE_MKL=ON, USE_MKLDNN=ON, USE_MPI=OFF, USE_NCCL=ON, USE_NNPACK=ON, USE_OPENMP=ON, 

TorchVision: 0.10.1+cu111
OpenCV: 4.7.0
MMCV: 1.7.1
MMCV Compiler: GCC 7.3
MMCV CUDA Compiler: 11.1
MMClassification: 0.25.0+3d4f80d
------------------------------------------------------------

2023-02-04 19:32:43,584 - mmcls - INFO - Distributed training: False
2023-02-04 19:32:43,725 - mmcls - INFO - Config:
model = dict(
    type='ImageClassifier',
    backbone=dict(type='MobileNetV2', widen_factor=1.0),
    neck=dict(type='GlobalAveragePooling'),
    head=dict(
        type='LinearClsHead',
        num_classes=5,
        in_channels=1280,
        loss=dict(type='CrossEntropyLoss', loss_weight=1.0),
        topk=(1, )))
dataset_type = 'ImageNet'
data_root = '/home/yangshuo/past_comp/data/flower/work_tmp'
img_norm_cfg = dict(
    mean=[123.675, 116.28, 103.53], std=[58.395, 57.12, 57.375], to_rgb=True)
train_pipeline = [
    dict(type='LoadImageFromFile'),
    dict(type='RandomResizedCrop', size=224),
    dict(type='RandomFlip', flip_prob=0.5, direction='horizontal'),
    dict(
        type='Normalize',
        mean=[123.675, 116.28, 103.53],
        std=[58.395, 57.12, 57.375],
        to_rgb=True),
    dict(type='ImageToTensor', keys=['img']),
    dict(type='ToTensor', keys=['gt_label']),
    dict(type='Collect', keys=['img', 'gt_label'])
]
test_pipeline = [
    dict(type='LoadImageFromFile'),
    dict(type='Resize', size=(256, -1)),
    dict(type='CenterCrop', crop_size=224),
    dict(
        type='Normalize',
        mean=[123.675, 116.28, 103.53],
        std=[58.395, 57.12, 57.375],
        to_rgb=True),
    dict(type='ImageToTensor', keys=['img']),
    dict(type='Collect', keys=['img'])
]
data = dict(
    samples_per_gpu=32,
    workers_per_gpu=2,
    train=dict(
        type='ImageNet',
        data_prefix='/home/yangshuo/past_comp/data/flower/work_tmp/train',
        pipeline=[
            dict(type='LoadImageFromFile'),
            dict(type='RandomResizedCrop', size=224),
            dict(type='RandomFlip', flip_prob=0.5, direction='horizontal'),
            dict(
                type='Normalize',
                mean=[123.675, 116.28, 103.53],
                std=[58.395, 57.12, 57.375],
                to_rgb=True),
            dict(type='ImageToTensor', keys=['img']),
            dict(type='ToTensor', keys=['gt_label']),
            dict(type='Collect', keys=['img', 'gt_label'])
        ],
        ann_file='/home/yangshuo/past_comp/data/flower/work_tmp/train.txt',
        classes='/home/yangshuo/past_comp/data/flower/work_tmp/classes.txt'),
    val=dict(
        type='ImageNet',
        data_prefix='/home/yangshuo/past_comp/data/flower/work_tmp/val',
        ann_file='/home/yangshuo/past_comp/data/flower/work_tmp/val.txt',
        pipeline=[
            dict(type='LoadImageFromFile'),
            dict(type='Resize', size=(256, -1)),
            dict(type='CenterCrop', crop_size=224),
            dict(
                type='Normalize',
                mean=[123.675, 116.28, 103.53],
                std=[58.395, 57.12, 57.375],
                to_rgb=True),
            dict(type='ImageToTensor', keys=['img']),
            dict(type='Collect', keys=['img'])
        ],
        classes='/home/yangshuo/past_comp/data/flower/work_tmp/classes.txt'),
    test=dict(
        type='ImageNet',
        data_prefix='data/imagenet/val',
        ann_file='data/imagenet/meta/val.txt',
        pipeline=[
            dict(type='LoadImageFromFile'),
            dict(type='Resize', size=(256, -1)),
            dict(type='CenterCrop', crop_size=224),
            dict(
                type='Normalize',
                mean=[123.675, 116.28, 103.53],
                std=[58.395, 57.12, 57.375],
                to_rgb=True),
            dict(type='ImageToTensor', keys=['img']),
            dict(type='Collect', keys=['img'])
        ]))
evaluation = dict(
    interval=5, metric='accuracy', metric_options=dict(topk=(1, )))
checkpoint_config = dict(interval=10)
log_config = dict(
    interval=10,
    hooks=[dict(type='TextLoggerHook'),
           dict(type='TensorboardLoggerHook')])
dist_params = dict(backend='nccl')
log_level = 'INFO'
load_from = '/home/yangshuo/past_comp/MMLabCamp_hk_1/work_dir/flower/latest.pth'
resume_from = None
workflow = [('train', 1)]
optimizer = dict(type='SGD', lr=0.0001, momentum=0.2, weight_decay=0.001)
optimizer_config = dict(grad_clip=None)
lr_config = dict(policy='step', step=[5, 15])
runner = dict(type='EpochBasedRunner', max_epochs=20)
work_dir = '/home/yangshuo/past_comp/MMLabCamp_hk_1/work_dir/flower'
gpu_ids = range(0, 1)

2023-02-04 19:32:43,726 - mmcls - INFO - Set random seed to 773626001, deterministic: False
2023-02-04 19:32:47,923 - mmcls - INFO - load checkpoint from local path: /home/yangshuo/past_comp/MMLabCamp_hk_1/work_dir/flower/latest.pth
2023-02-04 19:32:47,965 - mmcls - INFO - Start running, host: yangshuo@amax, work_dir: /home/yangshuo/past_comp/MMLabCamp_hk_1/work_dir/flower
2023-02-04 19:32:47,965 - mmcls - INFO - Hooks will be executed in the following order:
before_run:
(VERY_HIGH   ) StepLrUpdaterHook                  
(NORMAL      ) CheckpointHook                     
(LOW         ) EvalHook                           
(VERY_LOW    ) TextLoggerHook                     
(VERY_LOW    ) TensorboardLoggerHook              
 -------------------- 
before_train_epoch:
(VERY_HIGH   ) StepLrUpdaterHook                  
(LOW         ) IterTimerHook                      
(LOW         ) EvalHook                           
(VERY_LOW    ) TextLoggerHook                     
(VERY_LOW    ) TensorboardLoggerHook              
 -------------------- 
before_train_iter:
(VERY_HIGH   ) StepLrUpdaterHook                  
(LOW         ) IterTimerHook                      
(LOW         ) EvalHook                           
 -------------------- 
after_train_iter:
(ABOVE_NORMAL) OptimizerHook                      
(NORMAL      ) CheckpointHook                     
(LOW         ) IterTimerHook                      
(LOW         ) EvalHook                           
(VERY_LOW    ) TextLoggerHook                     
(VERY_LOW    ) TensorboardLoggerHook              
 -------------------- 
after_train_epoch:
(NORMAL      ) CheckpointHook                     
(LOW         ) EvalHook                           
(VERY_LOW    ) TextLoggerHook                     
(VERY_LOW    ) TensorboardLoggerHook              
 -------------------- 
before_val_epoch:
(LOW         ) IterTimerHook                      
(VERY_LOW    ) TextLoggerHook                     
(VERY_LOW    ) TensorboardLoggerHook              
 -------------------- 
before_val_iter:
(LOW         ) IterTimerHook                      
 -------------------- 
after_val_iter:
(LOW         ) IterTimerHook                      
 -------------------- 
after_val_epoch:
(VERY_LOW    ) TextLoggerHook                     
(VERY_LOW    ) TensorboardLoggerHook              
 -------------------- 
after_run:
(VERY_LOW    ) TextLoggerHook                     
(VERY_LOW    ) TensorboardLoggerHook              
 -------------------- 
2023-02-04 19:32:47,965 - mmcls - INFO - workflow: [('train', 1)], max: 20 epochs
2023-02-04 19:32:47,965 - mmcls - INFO - Checkpoints will be saved to /home/yangshuo/past_comp/MMLabCamp_hk_1/work_dir/flower by HardDiskBackend.
2023-02-04 19:32:52,438 - mmcls - INFO - Epoch [1][10/72]	lr: 1.000e-04, eta: 0:07:53, time: 0.331, data_time: 0.279, memory: 1709, loss: 0.0557
2023-02-04 19:32:52,975 - mmcls - INFO - Epoch [1][20/72]	lr: 1.000e-04, eta: 0:04:32, time: 0.053, data_time: 0.016, memory: 1709, loss: 0.0528
2023-02-04 19:32:53,490 - mmcls - INFO - Epoch [1][30/72]	lr: 1.000e-04, eta: 0:03:25, time: 0.052, data_time: 0.014, memory: 1709, loss: 0.0420
2023-02-04 19:32:54,001 - mmcls - INFO - Epoch [1][40/72]	lr: 1.000e-04, eta: 0:02:50, time: 0.051, data_time: 0.013, memory: 1709, loss: 0.0577
2023-02-04 19:32:54,499 - mmcls - INFO - Epoch [1][50/72]	lr: 1.000e-04, eta: 0:02:29, time: 0.050, data_time: 0.012, memory: 1709, loss: 0.0540
2023-02-04 19:32:55,010 - mmcls - INFO - Epoch [1][60/72]	lr: 1.000e-04, eta: 0:02:15, time: 0.051, data_time: 0.013, memory: 1709, loss: 0.0627
2023-02-04 19:32:55,504 - mmcls - INFO - Epoch [1][70/72]	lr: 1.000e-04, eta: 0:02:04, time: 0.049, data_time: 0.012, memory: 1709, loss: 0.0674
2023-02-04 19:32:58,200 - mmcls - INFO - Epoch [2][10/72]	lr: 1.000e-04, eta: 0:02:28, time: 0.262, data_time: 0.222, memory: 1709, loss: 0.0455
2023-02-04 19:32:58,733 - mmcls - INFO - Epoch [2][20/72]	lr: 1.000e-04, eta: 0:02:19, time: 0.053, data_time: 0.016, memory: 1709, loss: 0.0744
2023-02-04 19:32:59,219 - mmcls - INFO - Epoch [2][30/72]	lr: 1.000e-04, eta: 0:02:11, time: 0.049, data_time: 0.011, memory: 1709, loss: 0.0738
2023-02-04 19:32:59,729 - mmcls - INFO - Epoch [2][40/72]	lr: 1.000e-04, eta: 0:02:04, time: 0.051, data_time: 0.013, memory: 1709, loss: 0.0870
2023-02-04 19:33:00,222 - mmcls - INFO - Epoch [2][50/72]	lr: 1.000e-04, eta: 0:01:58, time: 0.049, data_time: 0.012, memory: 1709, loss: 0.0446
2023-02-04 19:33:00,735 - mmcls - INFO - Epoch [2][60/72]	lr: 1.000e-04, eta: 0:01:54, time: 0.051, data_time: 0.013, memory: 1709, loss: 0.0306
2023-02-04 19:33:01,282 - mmcls - INFO - Epoch [2][70/72]	lr: 1.000e-04, eta: 0:01:50, time: 0.055, data_time: 0.016, memory: 1709, loss: 0.0357
2023-02-04 19:33:03,954 - mmcls - INFO - Epoch [3][10/72]	lr: 1.000e-04, eta: 0:02:02, time: 0.260, data_time: 0.221, memory: 1709, loss: 0.0447
2023-02-04 19:33:04,482 - mmcls - INFO - Epoch [3][20/72]	lr: 1.000e-04, eta: 0:01:58, time: 0.053, data_time: 0.015, memory: 1709, loss: 0.0494
2023-02-04 19:33:04,951 - mmcls - INFO - Epoch [3][30/72]	lr: 1.000e-04, eta: 0:01:53, time: 0.047, data_time: 0.008, memory: 1709, loss: 0.0382
2023-02-04 19:33:05,451 - mmcls - INFO - Epoch [3][40/72]	lr: 1.000e-04, eta: 0:01:50, time: 0.050, data_time: 0.012, memory: 1709, loss: 0.0324
2023-02-04 19:33:05,951 - mmcls - INFO - Epoch [3][50/72]	lr: 1.000e-04, eta: 0:01:47, time: 0.050, data_time: 0.012, memory: 1709, loss: 0.0502
2023-02-04 19:33:06,477 - mmcls - INFO - Epoch [3][60/72]	lr: 1.000e-04, eta: 0:01:44, time: 0.053, data_time: 0.014, memory: 1709, loss: 0.0430
2023-02-04 19:33:07,027 - mmcls - INFO - Epoch [3][70/72]	lr: 1.000e-04, eta: 0:01:41, time: 0.055, data_time: 0.017, memory: 1709, loss: 0.0497
2023-02-04 19:33:09,678 - mmcls - INFO - Epoch [4][10/72]	lr: 1.000e-04, eta: 0:01:49, time: 0.258, data_time: 0.220, memory: 1709, loss: 0.0838
2023-02-04 19:33:10,170 - mmcls - INFO - Epoch [4][20/72]	lr: 1.000e-04, eta: 0:01:46, time: 0.049, data_time: 0.010, memory: 1709, loss: 0.0508
2023-02-04 19:33:10,701 - mmcls - INFO - Epoch [4][30/72]	lr: 1.000e-04, eta: 0:01:43, time: 0.053, data_time: 0.015, memory: 1709, loss: 0.0427
2023-02-04 19:33:11,225 - mmcls - INFO - Epoch [4][40/72]	lr: 1.000e-04, eta: 0:01:41, time: 0.052, data_time: 0.016, memory: 1709, loss: 0.0405
2023-02-04 19:33:11,745 - mmcls - INFO - Epoch [4][50/72]	lr: 1.000e-04, eta: 0:01:38, time: 0.052, data_time: 0.015, memory: 1709, loss: 0.0550
2023-02-04 19:33:12,264 - mmcls - INFO - Epoch [4][60/72]	lr: 1.000e-04, eta: 0:01:36, time: 0.052, data_time: 0.013, memory: 1709, loss: 0.0634
2023-02-04 19:33:12,764 - mmcls - INFO - Epoch [4][70/72]	lr: 1.000e-04, eta: 0:01:34, time: 0.050, data_time: 0.011, memory: 1709, loss: 0.0336
2023-02-04 19:33:15,452 - mmcls - INFO - Epoch [5][10/72]	lr: 1.000e-04, eta: 0:01:39, time: 0.262, data_time: 0.222, memory: 1709, loss: 0.0619
2023-02-04 19:33:15,991 - mmcls - INFO - Epoch [5][20/72]	lr: 1.000e-04, eta: 0:01:37, time: 0.054, data_time: 0.016, memory: 1709, loss: 0.0659
2023-02-04 19:33:16,511 - mmcls - INFO - Epoch [5][30/72]	lr: 1.000e-04, eta: 0:01:35, time: 0.052, data_time: 0.014, memory: 1709, loss: 0.0748
2023-02-04 19:33:17,024 - mmcls - INFO - Epoch [5][40/72]	lr: 1.000e-04, eta: 0:01:33, time: 0.052, data_time: 0.013, memory: 1709, loss: 0.0461
2023-02-04 19:33:17,559 - mmcls - INFO - Epoch [5][50/72]	lr: 1.000e-04, eta: 0:01:31, time: 0.053, data_time: 0.014, memory: 1709, loss: 0.0653
2023-02-04 19:33:18,071 - mmcls - INFO - Epoch [5][60/72]	lr: 1.000e-04, eta: 0:01:29, time: 0.051, data_time: 0.013, memory: 1709, loss: 0.0415
2023-02-04 19:33:18,609 - mmcls - INFO - Epoch [5][70/72]	lr: 1.000e-04, eta: 0:01:28, time: 0.054, data_time: 0.016, memory: 1709, loss: 0.0407
2023-02-04 19:33:20,018 - mmcls - INFO - Epoch(val) [5][18]	accuracy_top-1: 96.6549
2023-02-04 19:33:22,653 - mmcls - INFO - Epoch [6][10/72]	lr: 1.000e-05, eta: 0:01:31, time: 0.262, data_time: 0.223, memory: 1709, loss: 0.0700
2023-02-04 19:33:23,153 - mmcls - INFO - Epoch [6][20/72]	lr: 1.000e-05, eta: 0:01:30, time: 0.050, data_time: 0.013, memory: 1709, loss: 0.0367
2023-02-04 19:33:23,710 - mmcls - INFO - Epoch [6][30/72]	lr: 1.000e-05, eta: 0:01:28, time: 0.056, data_time: 0.018, memory: 1709, loss: 0.0254
2023-02-04 19:33:24,229 - mmcls - INFO - Epoch [6][40/72]	lr: 1.000e-05, eta: 0:01:26, time: 0.052, data_time: 0.015, memory: 1709, loss: 0.0365
2023-02-04 19:33:24,742 - mmcls - INFO - Epoch [6][50/72]	lr: 1.000e-05, eta: 0:01:25, time: 0.051, data_time: 0.014, memory: 1709, loss: 0.0525
2023-02-04 19:33:25,240 - mmcls - INFO - Epoch [6][60/72]	lr: 1.000e-05, eta: 0:01:23, time: 0.050, data_time: 0.013, memory: 1709, loss: 0.0619
2023-02-04 19:33:25,755 - mmcls - INFO - Epoch [6][70/72]	lr: 1.000e-05, eta: 0:01:21, time: 0.051, data_time: 0.014, memory: 1709, loss: 0.0295
2023-02-04 19:33:28,453 - mmcls - INFO - Epoch [7][10/72]	lr: 1.000e-05, eta: 0:01:24, time: 0.263, data_time: 0.223, memory: 1709, loss: 0.0245
2023-02-04 19:33:28,963 - mmcls - INFO - Epoch [7][20/72]	lr: 1.000e-05, eta: 0:01:23, time: 0.051, data_time: 0.013, memory: 1709, loss: 0.0619
2023-02-04 19:33:29,464 - mmcls - INFO - Epoch [7][30/72]	lr: 1.000e-05, eta: 0:01:21, time: 0.050, data_time: 0.012, memory: 1709, loss: 0.0325
2023-02-04 19:33:29,973 - mmcls - INFO - Epoch [7][40/72]	lr: 1.000e-05, eta: 0:01:20, time: 0.051, data_time: 0.013, memory: 1709, loss: 0.0408
2023-02-04 19:33:30,481 - mmcls - INFO - Epoch [7][50/72]	lr: 1.000e-05, eta: 0:01:18, time: 0.051, data_time: 0.014, memory: 1709, loss: 0.0608
2023-02-04 19:33:30,990 - mmcls - INFO - Epoch [7][60/72]	lr: 1.000e-05, eta: 0:01:17, time: 0.051, data_time: 0.013, memory: 1709, loss: 0.0640
2023-02-04 19:33:31,501 - mmcls - INFO - Epoch [7][70/72]	lr: 1.000e-05, eta: 0:01:15, time: 0.051, data_time: 0.013, memory: 1709, loss: 0.0437
2023-02-04 19:33:34,205 - mmcls - INFO - Epoch [8][10/72]	lr: 1.000e-05, eta: 0:01:17, time: 0.262, data_time: 0.223, memory: 1709, loss: 0.0672
2023-02-04 19:33:34,704 - mmcls - INFO - Epoch [8][20/72]	lr: 1.000e-05, eta: 0:01:16, time: 0.050, data_time: 0.012, memory: 1709, loss: 0.0352
2023-02-04 19:33:35,209 - mmcls - INFO - Epoch [8][30/72]	lr: 1.000e-05, eta: 0:01:14, time: 0.050, data_time: 0.014, memory: 1709, loss: 0.0732
2023-02-04 19:33:35,742 - mmcls - INFO - Epoch [8][40/72]	lr: 1.000e-05, eta: 0:01:13, time: 0.054, data_time: 0.014, memory: 1709, loss: 0.0467
2023-02-04 19:33:36,224 - mmcls - INFO - Epoch [8][50/72]	lr: 1.000e-05, eta: 0:01:12, time: 0.048, data_time: 0.009, memory: 1709, loss: 0.0701
2023-02-04 19:33:36,746 - mmcls - INFO - Epoch [8][60/72]	lr: 1.000e-05, eta: 0:01:11, time: 0.052, data_time: 0.013, memory: 1709, loss: 0.0333
2023-02-04 19:33:37,246 - mmcls - INFO - Epoch [8][70/72]	lr: 1.000e-05, eta: 0:01:09, time: 0.050, data_time: 0.012, memory: 1709, loss: 0.0447
2023-02-04 19:33:39,938 - mmcls - INFO - Epoch [9][10/72]	lr: 1.000e-05, eta: 0:01:11, time: 0.259, data_time: 0.221, memory: 1709, loss: 0.0609
2023-02-04 19:33:40,455 - mmcls - INFO - Epoch [9][20/72]	lr: 1.000e-05, eta: 0:01:09, time: 0.052, data_time: 0.015, memory: 1709, loss: 0.0432
2023-02-04 19:33:40,964 - mmcls - INFO - Epoch [9][30/72]	lr: 1.000e-05, eta: 0:01:08, time: 0.051, data_time: 0.013, memory: 1709, loss: 0.0483
2023-02-04 19:33:41,465 - mmcls - INFO - Epoch [9][40/72]	lr: 1.000e-05, eta: 0:01:07, time: 0.050, data_time: 0.013, memory: 1709, loss: 0.0266
2023-02-04 19:33:41,971 - mmcls - INFO - Epoch [9][50/72]	lr: 1.000e-05, eta: 0:01:06, time: 0.051, data_time: 0.012, memory: 1709, loss: 0.0412
2023-02-04 19:33:42,476 - mmcls - INFO - Epoch [9][60/72]	lr: 1.000e-05, eta: 0:01:04, time: 0.051, data_time: 0.014, memory: 1709, loss: 0.0668
2023-02-04 19:33:42,976 - mmcls - INFO - Epoch [9][70/72]	lr: 1.000e-05, eta: 0:01:03, time: 0.050, data_time: 0.011, memory: 1709, loss: 0.0403
2023-02-04 19:33:45,665 - mmcls - INFO - Epoch [10][10/72]	lr: 1.000e-05, eta: 0:01:04, time: 0.260, data_time: 0.221, memory: 1709, loss: 0.0684
2023-02-04 19:33:46,197 - mmcls - INFO - Epoch [10][20/72]	lr: 1.000e-05, eta: 0:01:03, time: 0.053, data_time: 0.015, memory: 1709, loss: 0.0676
2023-02-04 19:33:46,680 - mmcls - INFO - Epoch [10][30/72]	lr: 1.000e-05, eta: 0:01:02, time: 0.048, data_time: 0.010, memory: 1709, loss: 0.0367
2023-02-04 19:33:47,210 - mmcls - INFO - Epoch [10][40/72]	lr: 1.000e-05, eta: 0:01:01, time: 0.053, data_time: 0.015, memory: 1709, loss: 0.0471
2023-02-04 19:33:47,714 - mmcls - INFO - Epoch [10][50/72]	lr: 1.000e-05, eta: 0:01:00, time: 0.050, data_time: 0.012, memory: 1709, loss: 0.0615
2023-02-04 19:33:48,214 - mmcls - INFO - Epoch [10][60/72]	lr: 1.000e-05, eta: 0:00:58, time: 0.050, data_time: 0.013, memory: 1709, loss: 0.0439
2023-02-04 19:33:48,711 - mmcls - INFO - Epoch [10][70/72]	lr: 1.000e-05, eta: 0:00:57, time: 0.050, data_time: 0.011, memory: 1709, loss: 0.0504
2023-02-04 19:33:48,802 - mmcls - INFO - Saving checkpoint at 10 epochs
2023-02-04 19:33:49,897 - mmcls - INFO - Epoch(val) [10][18]	accuracy_top-1: 97.0070
2023-02-04 19:33:52,492 - mmcls - INFO - Epoch [11][10/72]	lr: 1.000e-05, eta: 0:00:58, time: 0.259, data_time: 0.222, memory: 1709, loss: 0.0327
2023-02-04 19:33:53,016 - mmcls - INFO - Epoch [11][20/72]	lr: 1.000e-05, eta: 0:00:57, time: 0.052, data_time: 0.015, memory: 1709, loss: 0.0467
2023-02-04 19:33:53,505 - mmcls - INFO - Epoch [11][30/72]	lr: 1.000e-05, eta: 0:00:56, time: 0.049, data_time: 0.012, memory: 1709, loss: 0.0853
2023-02-04 19:33:54,013 - mmcls - INFO - Epoch [11][40/72]	lr: 1.000e-05, eta: 0:00:55, time: 0.051, data_time: 0.013, memory: 1709, loss: 0.0506
2023-02-04 19:33:54,523 - mmcls - INFO - Epoch [11][50/72]	lr: 1.000e-05, eta: 0:00:54, time: 0.051, data_time: 0.013, memory: 1709, loss: 0.0275
2023-02-04 19:33:55,047 - mmcls - INFO - Epoch [11][60/72]	lr: 1.000e-05, eta: 0:00:53, time: 0.053, data_time: 0.015, memory: 1709, loss: 0.0634
2023-02-04 19:33:55,544 - mmcls - INFO - Epoch [11][70/72]	lr: 1.000e-05, eta: 0:00:51, time: 0.050, data_time: 0.012, memory: 1709, loss: 0.0739
2023-02-04 19:33:58,221 - mmcls - INFO - Epoch [12][10/72]	lr: 1.000e-05, eta: 0:00:52, time: 0.257, data_time: 0.219, memory: 1709, loss: 0.0466
2023-02-04 19:33:58,749 - mmcls - INFO - Epoch [12][20/72]	lr: 1.000e-05, eta: 0:00:51, time: 0.053, data_time: 0.015, memory: 1709, loss: 0.0290
2023-02-04 19:33:59,266 - mmcls - INFO - Epoch [12][30/72]	lr: 1.000e-05, eta: 0:00:50, time: 0.052, data_time: 0.014, memory: 1709, loss: 0.0394
2023-02-04 19:33:59,747 - mmcls - INFO - Epoch [12][40/72]	lr: 1.000e-05, eta: 0:00:49, time: 0.048, data_time: 0.010, memory: 1709, loss: 0.0301
2023-02-04 19:34:00,236 - mmcls - INFO - Epoch [12][50/72]	lr: 1.000e-05, eta: 0:00:48, time: 0.049, data_time: 0.011, memory: 1709, loss: 0.0479
2023-02-04 19:34:00,771 - mmcls - INFO - Epoch [12][60/72]	lr: 1.000e-05, eta: 0:00:47, time: 0.053, data_time: 0.016, memory: 1709, loss: 0.0626
2023-02-04 19:34:01,302 - mmcls - INFO - Epoch [12][70/72]	lr: 1.000e-05, eta: 0:00:46, time: 0.053, data_time: 0.016, memory: 1709, loss: 0.0395
2023-02-04 19:34:04,010 - mmcls - INFO - Epoch [13][10/72]	lr: 1.000e-05, eta: 0:00:46, time: 0.260, data_time: 0.221, memory: 1709, loss: 0.0650
2023-02-04 19:34:04,525 - mmcls - INFO - Epoch [13][20/72]	lr: 1.000e-05, eta: 0:00:45, time: 0.052, data_time: 0.015, memory: 1709, loss: 0.0447
2023-02-04 19:34:05,054 - mmcls - INFO - Epoch [13][30/72]	lr: 1.000e-05, eta: 0:00:44, time: 0.053, data_time: 0.016, memory: 1709, loss: 0.0382
2023-02-04 19:34:05,530 - mmcls - INFO - Epoch [13][40/72]	lr: 1.000e-05, eta: 0:00:43, time: 0.048, data_time: 0.010, memory: 1709, loss: 0.0583
2023-02-04 19:34:06,058 - mmcls - INFO - Epoch [13][50/72]	lr: 1.000e-05, eta: 0:00:42, time: 0.053, data_time: 0.015, memory: 1709, loss: 0.0746
2023-02-04 19:34:06,556 - mmcls - INFO - Epoch [13][60/72]	lr: 1.000e-05, eta: 0:00:41, time: 0.050, data_time: 0.011, memory: 1709, loss: 0.0407
2023-02-04 19:34:07,046 - mmcls - INFO - Epoch [13][70/72]	lr: 1.000e-05, eta: 0:00:40, time: 0.049, data_time: 0.011, memory: 1709, loss: 0.0526
2023-02-04 19:34:09,710 - mmcls - INFO - Epoch [14][10/72]	lr: 1.000e-05, eta: 0:00:40, time: 0.259, data_time: 0.220, memory: 1709, loss: 0.0491
2023-02-04 19:34:10,254 - mmcls - INFO - Epoch [14][20/72]	lr: 1.000e-05, eta: 0:00:39, time: 0.054, data_time: 0.015, memory: 1709, loss: 0.0185
2023-02-04 19:34:10,753 - mmcls - INFO - Epoch [14][30/72]	lr: 1.000e-05, eta: 0:00:38, time: 0.050, data_time: 0.012, memory: 1709, loss: 0.0535
2023-02-04 19:34:11,254 - mmcls - INFO - Epoch [14][40/72]	lr: 1.000e-05, eta: 0:00:37, time: 0.051, data_time: 0.013, memory: 1709, loss: 0.0449
2023-02-04 19:34:11,757 - mmcls - INFO - Epoch [14][50/72]	lr: 1.000e-05, eta: 0:00:36, time: 0.050, data_time: 0.013, memory: 1709, loss: 0.0548
2023-02-04 19:34:12,263 - mmcls - INFO - Epoch [14][60/72]	lr: 1.000e-05, eta: 0:00:35, time: 0.051, data_time: 0.013, memory: 1709, loss: 0.0824
2023-02-04 19:34:12,786 - mmcls - INFO - Epoch [14][70/72]	lr: 1.000e-05, eta: 0:00:34, time: 0.052, data_time: 0.015, memory: 1709, loss: 0.0429
2023-02-04 19:34:15,482 - mmcls - INFO - Epoch [15][10/72]	lr: 1.000e-05, eta: 0:00:34, time: 0.260, data_time: 0.221, memory: 1709, loss: 0.0370
2023-02-04 19:34:16,006 - mmcls - INFO - Epoch [15][20/72]	lr: 1.000e-05, eta: 0:00:33, time: 0.052, data_time: 0.013, memory: 1709, loss: 0.0487
2023-02-04 19:34:16,470 - mmcls - INFO - Epoch [15][30/72]	lr: 1.000e-05, eta: 0:00:32, time: 0.047, data_time: 0.009, memory: 1709, loss: 0.0495
2023-02-04 19:34:17,012 - mmcls - INFO - Epoch [15][40/72]	lr: 1.000e-05, eta: 0:00:31, time: 0.054, data_time: 0.015, memory: 1709, loss: 0.0510
2023-02-04 19:34:17,529 - mmcls - INFO - Epoch [15][50/72]	lr: 1.000e-05, eta: 0:00:30, time: 0.052, data_time: 0.014, memory: 1709, loss: 0.0506
2023-02-04 19:34:18,063 - mmcls - INFO - Epoch [15][60/72]	lr: 1.000e-05, eta: 0:00:29, time: 0.053, data_time: 0.015, memory: 1709, loss: 0.0665
2023-02-04 19:34:18,555 - mmcls - INFO - Epoch [15][70/72]	lr: 1.000e-05, eta: 0:00:28, time: 0.049, data_time: 0.011, memory: 1709, loss: 0.0325
2023-02-04 19:34:19,668 - mmcls - INFO - Epoch(val) [15][18]	accuracy_top-1: 96.8310
2023-02-04 19:34:22,283 - mmcls - INFO - Epoch [16][10/72]	lr: 1.000e-06, eta: 0:00:28, time: 0.261, data_time: 0.222, memory: 1709, loss: 0.0335
2023-02-04 19:34:22,771 - mmcls - INFO - Epoch [16][20/72]	lr: 1.000e-06, eta: 0:00:27, time: 0.049, data_time: 0.012, memory: 1709, loss: 0.0558
2023-02-04 19:34:23,261 - mmcls - INFO - Epoch [16][30/72]	lr: 1.000e-06, eta: 0:00:26, time: 0.049, data_time: 0.011, memory: 1709, loss: 0.0571
2023-02-04 19:34:23,769 - mmcls - INFO - Epoch [16][40/72]	lr: 1.000e-06, eta: 0:00:25, time: 0.051, data_time: 0.013, memory: 1709, loss: 0.0280
2023-02-04 19:34:24,255 - mmcls - INFO - Epoch [16][50/72]	lr: 1.000e-06, eta: 0:00:24, time: 0.049, data_time: 0.011, memory: 1709, loss: 0.0673
2023-02-04 19:34:24,754 - mmcls - INFO - Epoch [16][60/72]	lr: 1.000e-06, eta: 0:00:23, time: 0.050, data_time: 0.013, memory: 1709, loss: 0.0509
2023-02-04 19:34:25,264 - mmcls - INFO - Epoch [16][70/72]	lr: 1.000e-06, eta: 0:00:23, time: 0.051, data_time: 0.015, memory: 1709, loss: 0.0352
2023-02-04 19:34:27,953 - mmcls - INFO - Epoch [17][10/72]	lr: 1.000e-06, eta: 0:00:22, time: 0.258, data_time: 0.219, memory: 1709, loss: 0.0167
2023-02-04 19:34:28,454 - mmcls - INFO - Epoch [17][20/72]	lr: 1.000e-06, eta: 0:00:21, time: 0.050, data_time: 0.012, memory: 1709, loss: 0.0752
2023-02-04 19:34:28,977 - mmcls - INFO - Epoch [17][30/72]	lr: 1.000e-06, eta: 0:00:20, time: 0.052, data_time: 0.015, memory: 1709, loss: 0.0503
2023-02-04 19:34:29,486 - mmcls - INFO - Epoch [17][40/72]	lr: 1.000e-06, eta: 0:00:19, time: 0.051, data_time: 0.012, memory: 1709, loss: 0.0729
2023-02-04 19:34:29,998 - mmcls - INFO - Epoch [17][50/72]	lr: 1.000e-06, eta: 0:00:19, time: 0.051, data_time: 0.013, memory: 1709, loss: 0.0701
2023-02-04 19:34:30,506 - mmcls - INFO - Epoch [17][60/72]	lr: 1.000e-06, eta: 0:00:18, time: 0.051, data_time: 0.013, memory: 1709, loss: 0.0740
2023-02-04 19:34:30,997 - mmcls - INFO - Epoch [17][70/72]	lr: 1.000e-06, eta: 0:00:17, time: 0.049, data_time: 0.011, memory: 1709, loss: 0.0345
2023-02-04 19:34:33,716 - mmcls - INFO - Epoch [18][10/72]	lr: 1.000e-06, eta: 0:00:16, time: 0.265, data_time: 0.226, memory: 1709, loss: 0.0373
2023-02-04 19:34:34,198 - mmcls - INFO - Epoch [18][20/72]	lr: 1.000e-06, eta: 0:00:15, time: 0.048, data_time: 0.009, memory: 1709, loss: 0.0711
2023-02-04 19:34:34,718 - mmcls - INFO - Epoch [18][30/72]	lr: 1.000e-06, eta: 0:00:14, time: 0.052, data_time: 0.014, memory: 1709, loss: 0.0347
2023-02-04 19:34:35,193 - mmcls - INFO - Epoch [18][40/72]	lr: 1.000e-06, eta: 0:00:14, time: 0.047, data_time: 0.010, memory: 1709, loss: 0.0352
2023-02-04 19:34:35,715 - mmcls - INFO - Epoch [18][50/72]	lr: 1.000e-06, eta: 0:00:13, time: 0.052, data_time: 0.014, memory: 1709, loss: 0.0566
2023-02-04 19:34:36,211 - mmcls - INFO - Epoch [18][60/72]	lr: 1.000e-06, eta: 0:00:12, time: 0.050, data_time: 0.012, memory: 1709, loss: 0.1013
2023-02-04 19:34:36,720 - mmcls - INFO - Epoch [18][70/72]	lr: 1.000e-06, eta: 0:00:11, time: 0.051, data_time: 0.013, memory: 1709, loss: 0.0385
2023-02-04 19:34:39,406 - mmcls - INFO - Epoch [19][10/72]	lr: 1.000e-06, eta: 0:00:10, time: 0.261, data_time: 0.222, memory: 1709, loss: 0.0418
2023-02-04 19:34:39,910 - mmcls - INFO - Epoch [19][20/72]	lr: 1.000e-06, eta: 0:00:09, time: 0.050, data_time: 0.012, memory: 1709, loss: 0.0509
2023-02-04 19:34:40,424 - mmcls - INFO - Epoch [19][30/72]	lr: 1.000e-06, eta: 0:00:09, time: 0.051, data_time: 0.012, memory: 1709, loss: 0.0823
2023-02-04 19:34:40,891 - mmcls - INFO - Epoch [19][40/72]	lr: 1.000e-06, eta: 0:00:08, time: 0.047, data_time: 0.008, memory: 1709, loss: 0.0371
2023-02-04 19:34:41,394 - mmcls - INFO - Epoch [19][50/72]	lr: 1.000e-06, eta: 0:00:07, time: 0.050, data_time: 0.013, memory: 1709, loss: 0.0381
2023-02-04 19:34:41,931 - mmcls - INFO - Epoch [19][60/72]	lr: 1.000e-06, eta: 0:00:06, time: 0.054, data_time: 0.016, memory: 1709, loss: 0.0562
2023-02-04 19:34:42,444 - mmcls - INFO - Epoch [19][70/72]	lr: 1.000e-06, eta: 0:00:05, time: 0.051, data_time: 0.013, memory: 1709, loss: 0.0483
2023-02-04 19:34:45,134 - mmcls - INFO - Epoch [20][10/72]	lr: 1.000e-06, eta: 0:00:04, time: 0.262, data_time: 0.223, memory: 1709, loss: 0.0305
2023-02-04 19:34:45,625 - mmcls - INFO - Epoch [20][20/72]	lr: 1.000e-06, eta: 0:00:04, time: 0.049, data_time: 0.012, memory: 1709, loss: 0.0706
2023-02-04 19:34:46,148 - mmcls - INFO - Epoch [20][30/72]	lr: 1.000e-06, eta: 0:00:03, time: 0.053, data_time: 0.013, memory: 1709, loss: 0.0472
2023-02-04 19:34:46,624 - mmcls - INFO - Epoch [20][40/72]	lr: 1.000e-06, eta: 0:00:02, time: 0.048, data_time: 0.010, memory: 1709, loss: 0.0660
2023-02-04 19:34:47,146 - mmcls - INFO - Epoch [20][50/72]	lr: 1.000e-06, eta: 0:00:01, time: 0.052, data_time: 0.014, memory: 1709, loss: 0.0463
2023-02-04 19:34:47,633 - mmcls - INFO - Epoch [20][60/72]	lr: 1.000e-06, eta: 0:00:00, time: 0.049, data_time: 0.011, memory: 1709, loss: 0.0623
2023-02-04 19:34:48,139 - mmcls - INFO - Epoch [20][70/72]	lr: 1.000e-06, eta: 0:00:00, time: 0.050, data_time: 0.013, memory: 1709, loss: 0.0696
2023-02-04 19:34:48,202 - mmcls - INFO - Saving checkpoint at 20 epochs
2023-02-04 19:34:49,312 - mmcls - INFO - Epoch(val) [20][18]	accuracy_top-1: 96.3028
